<?xml version="1.0" encoding="UTF-8"?>
<!-- Generated by org.testng.reporters.JUnitReportReporter -->
<testsuite hostname="LAPTOP-ER1I82SI" failures="0" tests="1" name="seleniumcamp.Learningseleniumcamp.S09_38_Create_New_Work_Type" time="10.598" errors="0" timestamp="2023-07-08T13:04:17 IST" skipped="0">
  <testcase classname="seleniumcamp.Learningseleniumcamp.S09_38_Create_New_Work_Type" name="createnewworktype" time="10.598"/>
</testsuite> <!-- seleniumcamp.Learningseleniumcamp.S09_38_Create_New_Work_Type -->
