<?xml version="1.0" encoding="UTF-8"?>
<!-- Generated by org.testng.reporters.JUnitReportReporter -->
<testsuite hostname="LAPTOP-ER1I82SI" failures="0" tests="1" name="seleniumcamp.Learningseleniumcamp.S09_23_Create_Individuals_without_mandatory_fields" time="19.034" errors="0" timestamp="2023-07-11T16:05:24 IST" skipped="0">
  <testcase classname="seleniumcamp.Learningseleniumcamp.S09_23_Create_Individuals_without_mandatory_fields" name="individuals" time="19.034"/>
</testsuite> <!-- seleniumcamp.Learningseleniumcamp.S09_23_Create_Individuals_without_mandatory_fields -->
