<?xml version="1.0" encoding="UTF-8"?>
<!-- Generated by org.testng.reporters.JUnitReportReporter -->
<testsuite hostname="LAPTOP-ER1I82SI" failures="0" tests="1" name="seleniumcamp.Learningseleniumcamp.S09_4_CreateOpportunitywithoutmandatoryfields" time="23.155" errors="0" timestamp="2023-07-11T13:14:26 IST" skipped="0">
  <testcase classname="seleniumcamp.Learningseleniumcamp.S09_4_CreateOpportunitywithoutmandatoryfields" name="CreateOpportunity" time="23.155"/>
</testsuite> <!-- seleniumcamp.Learningseleniumcamp.S09_4_CreateOpportunitywithoutmandatoryfields -->
