<?xml version="1.0" encoding="UTF-8"?>
<!-- Generated by org.testng.reporters.JUnitReportReporter -->
<testsuite name="seleniumcamp.Learningseleniumbcamp.CreateOpportunitywithoutmandatoryfields" tests="1" time="22.698" ignored="0" failures="0" timestamp="25 Jun 2023 05:55:16 GMT" skipped="0" hostname="LAPTOP-ER1I82SI" errors="0">
  <testcase name="createOpportunity" time="22.698" classname="seleniumcamp.Learningseleniumbcamp.CreateOpportunitywithoutmandatoryfields"/>
</testsuite> <!-- seleniumcamp.Learningseleniumbcamp.CreateOpportunitywithoutmandatoryfields -->
