<?xml version="1.0" encoding="UTF-8"?>
<!-- Generated by org.testng.reporters.JUnitReportReporter -->
<testsuite hostname="LAPTOP-ER1I82SI" failures="0" tests="1" name="seleniumcamp.Learningseleniumcamp.S09_42_VerifyWorkType" time="17.697" errors="0" timestamp="2023-07-01T14:20:50 IST" skipped="0">
  <testcase classname="seleniumcamp.Learningseleniumcamp.S09_42_VerifyWorkType" name="WorkType" time="17.697"/>
</testsuite> <!-- seleniumcamp.Learningseleniumcamp.S09_42_VerifyWorkType -->
