<?xml version="1.0" encoding="UTF-8"?>
<!-- Generated by org.testng.reporters.JUnitReportReporter -->
<testsuite hostname="LAPTOP-ER1I82SI" failures="0" tests="5" name="excelpractice.ExcelHandle" time="2.995" errors="0" timestamp="2023-07-01T13:30:44 IST" skipped="0">
  <testcase classname="excelpractice.ExcelHandle" name="excelread" time="1.113"/>
  <testcase classname="excelpractice.ExcelHandle" name="excelread" time="0.678"/>
  <testcase classname="excelpractice.ExcelHandle" name="excelread" time="0.517"/>
  <testcase classname="excelpractice.ExcelHandle" name="excelread" time="0.367"/>
  <testcase classname="excelpractice.ExcelHandle" name="excelread" time="0.320"/>
</testsuite> <!-- excelpractice.ExcelHandle -->
